<?xml version="1.0" encoding="UTF-8"?>
<!-- Generated by org.testng.reporters.JUnitReportReporter -->
<testsuite hostname="Thanh-PC" failures="0" tests="1" name="com.ecom.testCases.TC_Login_001" time="3.823" errors="0" timestamp="2023-04-03T16:22:59 ICT" skipped="0">
  <testcase classname="com.ecom.testCases.TC_Login_001" name="loginTest" time="3.823"/>
  <system-out/>
</testsuite> <!-- com.ecom.testCases.TC_Login_001 -->
