<?xml version="1.0" encoding="UTF-8"?>
<!-- Generated by org.testng.reporters.JUnitReportReporter -->
<testsuite hostname="Thanh-PC" failures="0" tests="1" name="com.ecom.testCases.TC_Login_001" time="4.340" errors="0" timestamp="2023-04-04T08:52:13 ICT" skipped="0">
  <testcase classname="com.ecom.testCases.TC_Login_001" name="loginTest" time="4.340"/>
  <system-out/>
</testsuite> <!-- com.ecom.testCases.TC_Login_001 -->
